<?xml version="1.0" encoding="UTF-8"?>
<testsuite xmlns:xsi="http://www.w3.org/2001/XMLSchema-instance" xsi:noNamespaceSchemaLocation="https://maven.apache.org/surefire/maven-surefire-plugin/xsd/surefire-test-report-3.0.xsd" version="3.0" name="sampletest.GoogleTest" time="2.532" tests="3" errors="0" skipped="2" failures="1">
  <properties>
[...]
</properties>
  <testcase name="setUp" classname="sampletest.GoogleTest" time="1.985">
    <failure message="Could not start a new session. Possible causes are invalid address of the remote server or browser start-up failure.&#10;Build info: version: &apos;3.141.59&apos;, revision: &apos;e82be7d358&apos;, time: &apos;2018-11-14T08:17:03&apos;&#10;System info: host: &apos;Amits-MacBook-Air.local&apos;, ip: &apos;fe80:0:0:0:e1:ecd4:c7f:7475%en0&apos;, os.name: &apos;Mac OS X&apos;, os.arch: &apos;x86_64&apos;, os.version: &apos;10.14.5&apos;, java.version: &apos;9.0.1&apos;&#10;Driver info: driver.version: RemoteWebDriver" type="org.openqa.selenium.remote.UnreachableBrowserException"><![CDATA[org.openqa.selenium.remote.UnreachableBrowserException: 
Could not start a new session. Possible causes are invalid address of the remote server or browser start-up failure.
Build info: version: '3.141.59', revision: 'e82be7d358', time: '2018-11-14T08:17:03'
System info: host: 'Amits-MacBook-Air.local', ip: 'fe80:0:0:0:e1:ecd4:c7f:7475%en0', os.name: 'Mac OS X', os.arch: 'x86_64', os.version: '10.14.5', java.version: '9.0.1'
Driver info: driver.version: RemoteWebDriver
	at sampletest.GoogleTest.setUp(GoogleTest.java:28)
Caused by: java.net.ConnectException: Failed to connect to localhost/0:0:0:0:0:0:0:1:4444
	at sampletest.GoogleTest.setUp(GoogleTest.java:28)
Caused by: java.net.ConnectException: Connection refused (Connection refused)
	at sampletest.GoogleTest.setUp(GoogleTest.java:28)
]]></failure>
  </testcase>
  <testcase name="googleTest" classname="sampletest.GoogleTest" time="0">
    <skipped message="Could not start a new session. Possible causes are invalid address of the remote server or browser start-up failure.&#10;Build info: version: &apos;3.141.59&apos;, revision: &apos;e82be7d358&apos;, time: &apos;2018-11-14T08:17:03&apos;&#10;System info: host: &apos;Amits-MacBook-Air.local&apos;, ip: &apos;fe80:0:0:0:e1:ecd4:c7f:7475%en0&apos;, os.name: &apos;Mac OS X&apos;, os.arch: &apos;x86_64&apos;, os.version: &apos;10.14.5&apos;, java.version: &apos;9.0.1&apos;&#10;Driver info: driver.version: RemoteWebDriver"/>
  </testcase>
  <testcase name="tearDown" classname="sampletest.GoogleTest" time="0">
    <skipped/>
  </testcase>
</testsuite>