<?xml version="1.0" encoding="UTF-8"?>
<testng-results ignored="0" total="1" passed="1" failed="0" skipped="0">
  <reporter-output>
  </reporter-output>
  <suite started-at="2020-02-17T22:24:30Z" name="Default suite" finished-at="2020-02-17T22:24:38Z" duration-ms="8046">
    <groups>
    </groups>
    <test started-at="2020-02-17T22:24:30Z" name="Default test" finished-at="2020-02-17T22:24:38Z" duration-ms="8046">
      <class name="sampletest.GoogleTest">
        <test-method is-config="true" signature="setUp()[pri:0, instance:sampletest.GoogleTest@7c9d8e2]" started-at="2020-02-17T14:24:30Z" name="setUp" finished-at="2020-02-17T14:24:34Z" duration-ms="3635" status="PASS">
          <reporter-output>
          </reporter-output>
        </test-method> <!-- setUp -->
        <test-method signature="googleTest()[pri:0, instance:sampletest.GoogleTest@7c9d8e2]" started-at="2020-02-17T14:24:34Z" name="googleTest" finished-at="2020-02-17T14:24:38Z" duration-ms="4280" status="PASS">
          <reporter-output>
          </reporter-output>
        </test-method> <!-- googleTest -->
        <test-method is-config="true" signature="tearDown()[pri:0, instance:sampletest.GoogleTest@7c9d8e2]" started-at="2020-02-17T14:24:38Z" name="tearDown" finished-at="2020-02-17T14:24:38Z" duration-ms="81" status="PASS">
          <reporter-output>
          </reporter-output>
        </test-method> <!-- tearDown -->
      </class> <!-- sampletest.GoogleTest -->
    </test> <!-- Default test -->
  </suite> <!-- Default suite -->
</testng-results>
